Using pre-set license
Built from '2020.3/staging' branch; Version is '2020.3.26f1 (7298b473bc1a) revision 7510196'; Using compiler version '192528614'; Build Type 'Release'
OS: 'Windows 10  (10.0.18363) 64bit Core' Language: 'en' Physical Memory: 16301 MB
BatchMode: 1, IsHumanControllingUs: 0, StartBugReporterOnCrash: 0, Is64bit: 1, IsPro: 0

COMMAND LINE ARGUMENTS:
C:\Program Files\Unity\Hub\Editor\2020.3.26f1\Editor\Unity.exe
-adb2
-batchMode
-noUpm
-name
AssetImportWorker0
-projectPath
C:/Users/eandk/OneDrive/Desktop/unity projects/AnimationAndSound/AnimAndSound
-logFile
Logs/AssetImportWorker0.log
-srvPort
52589
Successfully changed project path to: C:/Users/eandk/OneDrive/Desktop/unity projects/AnimationAndSound/AnimAndSound
C:/Users/eandk/OneDrive/Desktop/unity projects/AnimationAndSound/AnimAndSound
Using Asset Import Pipeline V2.
Refreshing native plugins compatible for Editor in 64.74 ms, found 3 plugins.
Preloading 0 native plugins for Editor in 0.00 ms.
Initialize engine version: 2020.3.26f1 (7298b473bc1a)
[Subsystems] Discovering subsystems at path C:/Program Files/Unity/Hub/Editor/2020.3.26f1/Editor/Data/Resources/UnitySubsystems
[Subsystems] Discovering subsystems at path C:/Users/eandk/OneDrive/Desktop/unity projects/AnimationAndSound/AnimAndSound/Assets
GfxDevice: creating device client; threaded=0
Direct3D:
    Version:  Direct3D 11.0 [level 11.1]
    Renderer: Radeon RX 580 Series (ID=0x67df)
    Vendor:   
    VRAM:     8171 MB
    Driver:   30.0.13025.5005
Initialize mono
Mono path[0] = 'C:/Program Files/Unity/Hub/Editor/2020.3.26f1/Editor/Data/Managed'
Mono path[1] = 'C:/Program Files/Unity/Hub/Editor/2020.3.26f1/Editor/Data/MonoBleedingEdge/lib/mono/unityjit'
Mono config path = 'C:/Program Files/Unity/Hub/Editor/2020.3.26f1/Editor/Data/MonoBleedingEdge/etc'
Using monoOptions --debugger-agent=transport=dt_socket,embedding=1,server=y,suspend=n,address=127.0.0.1:56500
Begin MonoManager ReloadAssembly
Registering precompiled unity dll's ...
Register platform support module: C:/Program Files/Unity/Hub/Editor/2020.3.26f1/Editor/Data/PlaybackEngines/WindowsStandaloneSupport/UnityEditor.WindowsStandalone.Extensions.dll
Registered in 0.003282 seconds.
Native extension for WindowsStandalone target not found
Refreshing native plugins compatible for Editor in 62.49 ms, found 3 plugins.
Preloading 0 native plugins for Editor in 0.00 ms.
Mono: successfully reloaded assembly
- Completed reload, in  1.053 seconds
Domain Reload Profiling:
	ReloadAssembly (1053ms)
		BeginReloadAssembly (292ms)
			ExecutionOrderSort (0ms)
			DisableScriptedObjects (0ms)
			BackupInstance (0ms)
			ReleaseScriptingObjects (0ms)
			CreateAndSetChildDomain (2ms)
		EndReloadAssembly (634ms)
			LoadAssemblies (286ms)
			RebuildTransferFunctionScriptingTraits (0ms)
			SetupTypeCache (213ms)
			ReleaseScriptCaches (0ms)
			RebuildScriptCaches (39ms)
			SetupLoadedEditorAssemblies (242ms)
				LogAssemblyErrors (0ms)
				InitializePlatformSupportModulesInManaged (6ms)
				SetLoadedEditorAssemblies (0ms)
				RefreshPlugins (63ms)
				BeforeProcessingInitializeOnLoad (12ms)
				ProcessInitializeOnLoadAttributes (116ms)
				ProcessInitializeOnLoadMethodAttributes (45ms)
				AfterProcessingInitializeOnLoad (0ms)
				EditorAssembliesLoaded (0ms)
			ExecutionOrderSort2 (0ms)
			AwakeInstancesAfterBackupRestoration (0ms)
Platform modules already initialized, skipping
Registering precompiled user dll's ...
Registered in 0.008541 seconds.
Begin MonoManager ReloadAssembly
Native extension for WindowsStandalone target not found
Refreshing native plugins compatible for Editor in 54.35 ms, found 3 plugins.
Preloading 0 native plugins for Editor in 0.00 ms.
Mono: successfully reloaded assembly
- Completed reload, in  1.411 seconds
Domain Reload Profiling:
	ReloadAssembly (1412ms)
		BeginReloadAssembly (184ms)
			ExecutionOrderSort (0ms)
			DisableScriptedObjects (6ms)
			BackupInstance (0ms)
			ReleaseScriptingObjects (0ms)
			CreateAndSetChildDomain (21ms)
		EndReloadAssembly (1149ms)
			LoadAssemblies (116ms)
			RebuildTransferFunctionScriptingTraits (0ms)
			SetupTypeCache (371ms)
			ReleaseScriptCaches (1ms)
			RebuildScriptCaches (57ms)
			SetupLoadedEditorAssemblies (442ms)
				LogAssemblyErrors (0ms)
				InitializePlatformSupportModulesInManaged (4ms)
				SetLoadedEditorAssemblies (0ms)
				RefreshPlugins (54ms)
				BeforeProcessingInitializeOnLoad (88ms)
				ProcessInitializeOnLoadAttributes (262ms)
				ProcessInitializeOnLoadMethodAttributes (25ms)
				AfterProcessingInitializeOnLoad (8ms)
				EditorAssembliesLoaded (0ms)
			ExecutionOrderSort2 (0ms)
			AwakeInstancesAfterBackupRestoration (8ms)
Platform modules already initialized, skipping
========================================================================
Worker process is ready to serve import requests
Launched and connected shader compiler UnityShaderCompiler.exe after 0.07 seconds
Refreshing native plugins compatible for Editor in 0.54 ms, found 3 plugins.
Preloading 0 native plugins for Editor in 0.00 ms.
Unloading 2198 Unused Serialized files (Serialized files now loaded: 0)
System memory in use before: 96.6 MB.
System memory in use after: 96.7 MB.

Unloading 28 unused Assets to reduce memory usage. Loaded Objects now: 2631.
Total: 4.117900 ms (FindLiveObjects: 0.225900 ms CreateObjectMapping: 0.062900 ms MarkObjects: 3.742700 ms  DeleteObjects: 0.084900 ms)

AssetImportParameters requested are different than current active one (requested -> active):
  custom:framework-win-MediaFoundation: 216162199b28c13a410421893ffa2e32 -> 
  custom:video-decoder-ogg-theora: a1e56fd34408186e4bbccfd4996cb3dc -> 
  custom:container-muxer-webm: aa71ff27fc2769a1b78a27578f13a17b -> 
  custom:container-demuxer-webm: 4f35f7cbe854078d1ac9338744f61a02 -> 
  custom:container-demuxer-ogg: 62fdf1f143b41e24485cea50d1cbac27 -> 
  custom:video-encoder-webm-vp8: eb34c28f22e8b96e1ab97ce403110664 -> 
  custom:video-decoder-webm-vp8: 9c59270c3fd7afecdb556c50c9e8de78 -> 
  custom:audio-decoder-ogg-vorbis: bf7c407c2cedff20999df2af8eb42d56 -> 
  custom:audio-encoder-webm-vorbis: bf7c407c2cedff20999df2af8eb42d56 -> 
========================================================================
Received Import Request.
  path: Assets
  artifactKey: Guid(00000000000000001000000000000000) Importer(815301076,1909f56bfc062723c751e8b465ee728b)
Start importing Assets using Guid(00000000000000001000000000000000) Importer(815301076,1909f56bfc062723c751e8b465ee728b)  -> (artifact id: '42d402b061de3733987d63b9cc3b64de') in 0.012708 seconds 
  Import took 0.016686 seconds .

========================================================================
Received Import Request.
  Time since last request: 1.144218 seconds.
  path: Assets/Animations
  artifactKey: Guid(daaece526bdb8c948996ccb450b77f46) Importer(815301076,1909f56bfc062723c751e8b465ee728b)
Start importing Assets/Animations using Guid(daaece526bdb8c948996ccb450b77f46) Importer(815301076,1909f56bfc062723c751e8b465ee728b)  -> (artifact id: '00b73f27e56e247b60fe7f70531dc18d') in 0.010869 seconds 
  Import took 0.015514 seconds .

========================================================================
Received Import Request.
  Time since last request: 19.525263 seconds.
  path: Assets/Sprites
  artifactKey: Guid(6208ecde39e66b141a82fd5686468f25) Importer(815301076,1909f56bfc062723c751e8b465ee728b)
Start importing Assets/Sprites using Guid(6208ecde39e66b141a82fd5686468f25) Importer(815301076,1909f56bfc062723c751e8b465ee728b)  -> (artifact id: 'ea840403eb6879760e6fe3ffc91c687f') in 0.011527 seconds 
  Import took 0.016056 seconds .

========================================================================
Received Import Request.
  Time since last request: 22.075848 seconds.
  path: Assets/Sprites/Dead (1).png
  artifactKey: Guid(bf4371edeb0a4cc42982a975b661882c) Importer(815301076,1909f56bfc062723c751e8b465ee728b)
Start importing Assets/Sprites/Dead (1).png using Guid(bf4371edeb0a4cc42982a975b661882c) Importer(815301076,1909f56bfc062723c751e8b465ee728b)  -> (artifact id: '19556fcc698f48983abc8a7f07ac76a3') in 0.149909 seconds 
  Import took 0.157084 seconds .

========================================================================
Received Import Request.
  Time since last request: 0.000190 seconds.
  path: Assets/Sprites/Hurt (1).png
  artifactKey: Guid(565be0579dfb6c9439ccbcaca36fa8e7) Importer(815301076,1909f56bfc062723c751e8b465ee728b)
Start importing Assets/Sprites/Hurt (1).png using Guid(565be0579dfb6c9439ccbcaca36fa8e7) Importer(815301076,1909f56bfc062723c751e8b465ee728b)  -> (artifact id: 'cb63ca3d26ed96cde04011a39b84e5f2') in 0.017942 seconds 
  Import took 0.021546 seconds .

========================================================================
Received Import Request.
  Time since last request: 0.000198 seconds.
  path: Assets/Sprites/Run (6).png
  artifactKey: Guid(abca24336863f324f888c09667c5006a) Importer(815301076,1909f56bfc062723c751e8b465ee728b)
Start importing Assets/Sprites/Run (6).png using Guid(abca24336863f324f888c09667c5006a) Importer(815301076,1909f56bfc062723c751e8b465ee728b)  -> (artifact id: 'f36cf4d0db56f6b1ed0884fed7470205') in 0.015323 seconds 
  Import took 0.018621 seconds .

========================================================================
Received Import Request.
  Time since last request: 0.000185 seconds.
  path: Assets/Sprites/Idle (2).png
  artifactKey: Guid(e1d8de1d7f6c81747a2e6cc52cd8a1a6) Importer(815301076,1909f56bfc062723c751e8b465ee728b)
Start importing Assets/Sprites/Idle (2).png using Guid(e1d8de1d7f6c81747a2e6cc52cd8a1a6) Importer(815301076,1909f56bfc062723c751e8b465ee728b)  -> (artifact id: 'c5b1ae718d3ae345ff60caf41b6c08b7') in 0.014679 seconds 
  Import took 0.017886 seconds .

========================================================================
Received Import Request.
  Time since last request: 0.000191 seconds.
  path: Assets/Sprites/Slide (3).png
  artifactKey: Guid(3d9f8d55ba5615f429d06828edd3012b) Importer(815301076,1909f56bfc062723c751e8b465ee728b)
Start importing Assets/Sprites/Slide (3).png using Guid(3d9f8d55ba5615f429d06828edd3012b) Importer(815301076,1909f56bfc062723c751e8b465ee728b)  -> (artifact id: '92b392e77861e8f01445c6aafa6d6610') in 0.014601 seconds 
  Import took 0.017906 seconds .

========================================================================
Received Import Request.
  Time since last request: 0.000190 seconds.
  path: Assets/Sprites/Dead (8).png
  artifactKey: Guid(7e30f2a719c3fc64db3c9747ba153ba0) Importer(815301076,1909f56bfc062723c751e8b465ee728b)
Start importing Assets/Sprites/Dead (8).png using Guid(7e30f2a719c3fc64db3c9747ba153ba0) Importer(815301076,1909f56bfc062723c751e8b465ee728b)  -> (artifact id: '8dca81de80fe57bca6b71e3b92b2f0c9') in 0.021521 seconds 
  Import took 0.025535 seconds .

========================================================================
Received Import Request.
  Time since last request: 0.000172 seconds.
  path: Assets/Sprites/Hurt (2).png
  artifactKey: Guid(c854344f37de3e641a365d509f4e67f1) Importer(815301076,1909f56bfc062723c751e8b465ee728b)
Start importing Assets/Sprites/Hurt (2).png using Guid(c854344f37de3e641a365d509f4e67f1) Importer(815301076,1909f56bfc062723c751e8b465ee728b)  -> (artifact id: 'ace878a16bbe844cce64472f2f7a2a56') in 0.025876 seconds 
  Import took 0.029492 seconds .

========================================================================
Received Import Request.
  Time since last request: 0.000187 seconds.
  path: Assets/Sprites/Run (4).png
  artifactKey: Guid(1632c505a0e0d0344a52f07c60d57330) Importer(815301076,1909f56bfc062723c751e8b465ee728b)
Start importing Assets/Sprites/Run (4).png using Guid(1632c505a0e0d0344a52f07c60d57330) Importer(815301076,1909f56bfc062723c751e8b465ee728b)  -> (artifact id: '80ba00d4ccb2af2951af985b254e0dfa') in 0.014979 seconds 
  Import took 0.018173 seconds .

========================================================================
Received Import Request.
  Time since last request: 0.000180 seconds.
  path: Assets/Sprites/Hurt (8).png
  artifactKey: Guid(3320d7a28f0af5f49a8f569cc55eb4ab) Importer(815301076,1909f56bfc062723c751e8b465ee728b)
Start importing Assets/Sprites/Hurt (8).png using Guid(3320d7a28f0af5f49a8f569cc55eb4ab) Importer(815301076,1909f56bfc062723c751e8b465ee728b)  -> (artifact id: '7d759a5900cf0350b0cda696631e271d') in 0.015249 seconds 
  Import took 0.018541 seconds .

========================================================================
Received Import Request.
  Time since last request: 0.000187 seconds.
  path: Assets/Sprites/Walk (5).png
  artifactKey: Guid(959ec994ce0d5134abcf37b2fa52a5ef) Importer(815301076,1909f56bfc062723c751e8b465ee728b)
Start importing Assets/Sprites/Walk (5).png using Guid(959ec994ce0d5134abcf37b2fa52a5ef) Importer(815301076,1909f56bfc062723c751e8b465ee728b)  -> (artifact id: '53aaecec795a46c205bed3e3d857c9c4') in 0.015127 seconds 
  Import took 0.018668 seconds .

========================================================================
Received Import Request.
  Time since last request: 0.000194 seconds.
  path: Assets/Sprites/Idle (6).png
  artifactKey: Guid(80e7039f666ba454791b80556310a222) Importer(815301076,1909f56bfc062723c751e8b465ee728b)
Start importing Assets/Sprites/Idle (6).png using Guid(80e7039f666ba454791b80556310a222) Importer(815301076,1909f56bfc062723c751e8b465ee728b)  -> (artifact id: 'b174b2d884a02195eb2768c4e81d2b14') in 0.016167 seconds 
  Import took 0.019521 seconds .

========================================================================
Received Import Request.
  Time since last request: 0.000189 seconds.
  path: Assets/Sprites/Slide (8).png
  artifactKey: Guid(898dca8dfd1ea8044971fe6ba0677361) Importer(815301076,1909f56bfc062723c751e8b465ee728b)
Start importing Assets/Sprites/Slide (8).png using Guid(898dca8dfd1ea8044971fe6ba0677361) Importer(815301076,1909f56bfc062723c751e8b465ee728b)  -> (artifact id: '52ce354ca78da3a4a9322ca7454ccd5a') in 0.014719 seconds 
  Import took 0.017952 seconds .

========================================================================
Received Import Request.
  Time since last request: 0.000186 seconds.
  path: Assets/Sprites/Slide (10).png
  artifactKey: Guid(8b4226614ce010e4290b24e98f244340) Importer(815301076,1909f56bfc062723c751e8b465ee728b)
Start importing Assets/Sprites/Slide (10).png using Guid(8b4226614ce010e4290b24e98f244340) Importer(815301076,1909f56bfc062723c751e8b465ee728b)  -> (artifact id: '61eebeb568c4e0540b89c844b64a86d7') in 0.019412 seconds 
  Import took 0.022940 seconds .

========================================================================
Received Import Request.
  Time since last request: 0.000208 seconds.
  path: Assets/Sprites/Slide (5).png
  artifactKey: Guid(308a1c929f672d140880525043be4044) Importer(815301076,1909f56bfc062723c751e8b465ee728b)
Start importing Assets/Sprites/Slide (5).png using Guid(308a1c929f672d140880525043be4044) Importer(815301076,1909f56bfc062723c751e8b465ee728b)  -> (artifact id: '4a3d3bd4e376690d3d814214c9eeb038') in 0.020654 seconds 
  Import took 0.024265 seconds .

========================================================================
Received Import Request.
  Time since last request: 0.000179 seconds.
  path: Assets/Sprites/Hurt (10).png
  artifactKey: Guid(ea3582c766f90544184175ecb1e9152e) Importer(815301076,1909f56bfc062723c751e8b465ee728b)
Start importing Assets/Sprites/Hurt (10).png using Guid(ea3582c766f90544184175ecb1e9152e) Importer(815301076,1909f56bfc062723c751e8b465ee728b)  -> (artifact id: '6e8f01d9e3510e3400d499b740e13bbe') in 0.015059 seconds 
  Import took 0.018388 seconds .

========================================================================
Received Import Request.
  Time since last request: 0.000200 seconds.
  path: Assets/Sprites/Dead (2).png
  artifactKey: Guid(958ea2ab9dcb52b4fb9893a40ffb18ca) Importer(815301076,1909f56bfc062723c751e8b465ee728b)
Start importing Assets/Sprites/Dead (2).png using Guid(958ea2ab9dcb52b4fb9893a40ffb18ca) Importer(815301076,1909f56bfc062723c751e8b465ee728b)  -> (artifact id: 'dea0c325c4f3a3eacf4daea970f6f4d7') in 0.016995 seconds 
  Import took 0.020355 seconds .

========================================================================
Received Import Request.
  Time since last request: 0.000195 seconds.
  path: Assets/Sprites/Walk (6).png
  artifactKey: Guid(83770f4fcecf51149aa040257d2a0ed7) Importer(815301076,1909f56bfc062723c751e8b465ee728b)
Start importing Assets/Sprites/Walk (6).png using Guid(83770f4fcecf51149aa040257d2a0ed7) Importer(815301076,1909f56bfc062723c751e8b465ee728b)  -> (artifact id: '95bd7f0bed44baf07d4e565bc361fe22') in 0.015215 seconds 
  Import took 0.018604 seconds .

========================================================================
Received Import Request.
  Time since last request: 0.000179 seconds.
  path: Assets/Sprites/Walk (2).png
  artifactKey: Guid(1a390d865671e5b48895515da19cd8d5) Importer(815301076,1909f56bfc062723c751e8b465ee728b)
Start importing Assets/Sprites/Walk (2).png using Guid(1a390d865671e5b48895515da19cd8d5) Importer(815301076,1909f56bfc062723c751e8b465ee728b)  -> (artifact id: '2bc62ee516d86e1b3e3853d42154a0bb') in 0.015274 seconds 
  Import took 0.018746 seconds .

========================================================================
Received Import Request.
  Time since last request: 0.000173 seconds.
  path: Assets/Sprites/Run (5).png
  artifactKey: Guid(319a7a175a8e8e24287f325ff3146620) Importer(815301076,1909f56bfc062723c751e8b465ee728b)
Start importing Assets/Sprites/Run (5).png using Guid(319a7a175a8e8e24287f325ff3146620) Importer(815301076,1909f56bfc062723c751e8b465ee728b)  -> (artifact id: '3df9c72c23d0127fbb9863341a47388c') in 0.015071 seconds 
  Import took 0.018554 seconds .

========================================================================
Received Import Request.
  Time since last request: 0.000207 seconds.
  path: Assets/Sprites/Jump (8).png
  artifactKey: Guid(0c12fd88934a6a54a91ff1fa912abe7e) Importer(815301076,1909f56bfc062723c751e8b465ee728b)
Start importing Assets/Sprites/Jump (8).png using Guid(0c12fd88934a6a54a91ff1fa912abe7e) Importer(815301076,1909f56bfc062723c751e8b465ee728b)  -> (artifact id: 'c1dc9cd6ae4327b1e72e84e419aed86d') in 0.026479 seconds 
  Import took 0.030186 seconds .

========================================================================
Received Import Request.
  Time since last request: 0.000191 seconds.
  path: Assets/Sprites/Jump (1).png
  artifactKey: Guid(195149fc7dae3e343ada2520a2a61da6) Importer(815301076,1909f56bfc062723c751e8b465ee728b)
Start importing Assets/Sprites/Jump (1).png using Guid(195149fc7dae3e343ada2520a2a61da6) Importer(815301076,1909f56bfc062723c751e8b465ee728b)  -> (artifact id: 'b365f8c47d514f60b8314b9747000400') in 0.018815 seconds 
  Import took 0.022507 seconds .

========================================================================
Received Import Request.
  Time since last request: 0.000218 seconds.
  path: Assets/Sprites/Walk (3).png
  artifactKey: Guid(e91cb3c840c322d429e29e226ef8adba) Importer(815301076,1909f56bfc062723c751e8b465ee728b)
Start importing Assets/Sprites/Walk (3).png using Guid(e91cb3c840c322d429e29e226ef8adba) Importer(815301076,1909f56bfc062723c751e8b465ee728b)  -> (artifact id: '6031a64eff7100eb7fe1f12280493be3') in 0.015172 seconds 
  Import took 0.018591 seconds .

========================================================================
Received Import Request.
  Time since last request: 0.000211 seconds.
  path: Assets/Sprites/Dead (5).png
  artifactKey: Guid(596422b431880b046a4d40be40f1945a) Importer(815301076,1909f56bfc062723c751e8b465ee728b)
Start importing Assets/Sprites/Dead (5).png using Guid(596422b431880b046a4d40be40f1945a) Importer(815301076,1909f56bfc062723c751e8b465ee728b)  -> (artifact id: '0f060a18a1cd6303e0987a63a4ba93fc') in 0.016010 seconds 
  Import took 0.019508 seconds .

========================================================================
Received Import Request.
  Time since last request: 0.000197 seconds.
  path: Assets/Sprites/Hurt (4).png
  artifactKey: Guid(3fe439b0b38cd2143be6c07938dffcc7) Importer(815301076,1909f56bfc062723c751e8b465ee728b)
Start importing Assets/Sprites/Hurt (4).png using Guid(3fe439b0b38cd2143be6c07938dffcc7) Importer(815301076,1909f56bfc062723c751e8b465ee728b)  -> (artifact id: '2865dc56e8043d58e2853e68ce1d2ad3') in 0.014779 seconds 
  Import took 0.018105 seconds .

========================================================================
Received Import Request.
  Time since last request: 0.000185 seconds.
  path: Assets/Sprites/Jump (6).png
  artifactKey: Guid(774884d142684254eb4a52f5f8fa1e1d) Importer(815301076,1909f56bfc062723c751e8b465ee728b)
Start importing Assets/Sprites/Jump (6).png using Guid(774884d142684254eb4a52f5f8fa1e1d) Importer(815301076,1909f56bfc062723c751e8b465ee728b)  -> (artifact id: 'e14ca0423041a3316c2305d2ab0fb142') in 0.015681 seconds 
  Import took 0.018988 seconds .

========================================================================
Received Import Request.
  Time since last request: 0.000183 seconds.
  path: Assets/Sprites/Run (1).png
  artifactKey: Guid(08efcf0eb0e3623448bf2a9b220d63a9) Importer(815301076,1909f56bfc062723c751e8b465ee728b)
Start importing Assets/Sprites/Run (1).png using Guid(08efcf0eb0e3623448bf2a9b220d63a9) Importer(815301076,1909f56bfc062723c751e8b465ee728b)  -> (artifact id: '0df5df4c98721c85510a675469e09241') in 0.014766 seconds 
  Import took 0.018001 seconds .

========================================================================
Received Import Request.
  Time since last request: 0.000186 seconds.
  path: Assets/Sprites/Hurt (3).png
  artifactKey: Guid(1696ae0b5ed26ef4399bc3b10b1d248d) Importer(815301076,1909f56bfc062723c751e8b465ee728b)
Start importing Assets/Sprites/Hurt (3).png using Guid(1696ae0b5ed26ef4399bc3b10b1d248d) Importer(815301076,1909f56bfc062723c751e8b465ee728b)  -> (artifact id: 'a6da32c6a2d54c75af9e00c2ce7ba298') in 0.020015 seconds 
  Import took 0.023350 seconds .

========================================================================
Received Import Request.
  Time since last request: 0.000183 seconds.
  path: Assets/Sprites/Idle (10).png
  artifactKey: Guid(11322bd6579cf7f4bb8a8957e75981a6) Importer(815301076,1909f56bfc062723c751e8b465ee728b)
Start importing Assets/Sprites/Idle (10).png using Guid(11322bd6579cf7f4bb8a8957e75981a6) Importer(815301076,1909f56bfc062723c751e8b465ee728b)  -> (artifact id: '3c91b2c9d4283924966db4818d099190') in 0.016995 seconds 
  Import took 0.020250 seconds .

========================================================================
Received Import Request.
  Time since last request: 0.000196 seconds.
  path: Assets/Sprites/Idle (8).png
  artifactKey: Guid(be562fae94208814c8554945ce6e9d5b) Importer(815301076,1909f56bfc062723c751e8b465ee728b)
Start importing Assets/Sprites/Idle (8).png using Guid(be562fae94208814c8554945ce6e9d5b) Importer(815301076,1909f56bfc062723c751e8b465ee728b)  -> (artifact id: 'b90666cc36e4e5e869ab1f5fa4ba12cc') in 0.015201 seconds 
  Import took 0.018469 seconds .

========================================================================
Received Import Request.
  Time since last request: 0.000180 seconds.
  path: Assets/Sprites/Run (8).png
  artifactKey: Guid(cd3e43e3e27db92419333c21abf4c067) Importer(815301076,1909f56bfc062723c751e8b465ee728b)
Start importing Assets/Sprites/Run (8).png using Guid(cd3e43e3e27db92419333c21abf4c067) Importer(815301076,1909f56bfc062723c751e8b465ee728b)  -> (artifact id: '6a6526a7a5de9d7343ca930f78fc2800') in 0.015227 seconds 
  Import took 0.018458 seconds .

========================================================================
Received Import Request.
  Time since last request: 0.000192 seconds.
  path: Assets/Sprites/Jump (4).png
  artifactKey: Guid(32866be18dd2d9042a92227c33a550d0) Importer(815301076,1909f56bfc062723c751e8b465ee728b)
Start importing Assets/Sprites/Jump (4).png using Guid(32866be18dd2d9042a92227c33a550d0) Importer(815301076,1909f56bfc062723c751e8b465ee728b)  -> (artifact id: '5dc27fe7f354f6b1ff6fe80fe7a44781') in 0.015189 seconds 
  Import took 0.018498 seconds .

========================================================================
Received Import Request.
  Time since last request: 0.000179 seconds.
  path: Assets/Sprites/Jump (2).png
  artifactKey: Guid(b435b306953f5c44690cdc101c652f59) Importer(815301076,1909f56bfc062723c751e8b465ee728b)
Start importing Assets/Sprites/Jump (2).png using Guid(b435b306953f5c44690cdc101c652f59) Importer(815301076,1909f56bfc062723c751e8b465ee728b)  -> (artifact id: '8320a8a44f665562bdf0d755348546fc') in 0.014986 seconds 
  Import took 0.018300 seconds .

========================================================================
Received Import Request.
  Time since last request: 0.000203 seconds.
  path: Assets/Sprites/Run (7).png
  artifactKey: Guid(e25558acae88c0b4d914862318a1299d) Importer(815301076,1909f56bfc062723c751e8b465ee728b)
Start importing Assets/Sprites/Run (7).png using Guid(e25558acae88c0b4d914862318a1299d) Importer(815301076,1909f56bfc062723c751e8b465ee728b)  -> (artifact id: '2a3bc9eaf32cb82f557cfed756e6f081') in 0.028080 seconds 
  Import took 0.034346 seconds .

========================================================================
Received Import Request.
  Time since last request: 0.000220 seconds.
  path: Assets/Sprites/Walk (9).png
  artifactKey: Guid(64a54fb8bb9c14343855627aa134f0db) Importer(815301076,1909f56bfc062723c751e8b465ee728b)
Start importing Assets/Sprites/Walk (9).png using Guid(64a54fb8bb9c14343855627aa134f0db) Importer(815301076,1909f56bfc062723c751e8b465ee728b)  -> (artifact id: 'a3690c5b317cd05e5131b33066fc36ac') in 0.015465 seconds 
  Import took 0.019143 seconds .

========================================================================
Received Import Request.
  Time since last request: 0.000213 seconds.
  path: Assets/Sprites/Walk (4).png
  artifactKey: Guid(67158402c87f1f5499c0322b756ecb67) Importer(815301076,1909f56bfc062723c751e8b465ee728b)
Start importing Assets/Sprites/Walk (4).png using Guid(67158402c87f1f5499c0322b756ecb67) Importer(815301076,1909f56bfc062723c751e8b465ee728b)  -> (artifact id: '966370df884e4d2b904124985efa2859') in 0.016180 seconds 
  Import took 0.019721 seconds .

========================================================================
Received Import Request.
  Time since last request: 0.000192 seconds.
  path: Assets/Sprites/Jump (7).png
  artifactKey: Guid(ec2db8ca23472b34390829a0577607f5) Importer(815301076,1909f56bfc062723c751e8b465ee728b)
Start importing Assets/Sprites/Jump (7).png using Guid(ec2db8ca23472b34390829a0577607f5) Importer(815301076,1909f56bfc062723c751e8b465ee728b)  -> (artifact id: 'bdbce0b60613f23c9c51ec51c22930db') in 0.016073 seconds 
  Import took 0.019556 seconds .

========================================================================
Received Import Request.
  Time since last request: 0.000195 seconds.
  path: Assets/Sprites/Dead (10).png
  artifactKey: Guid(afd7406e61ec3e845a80cbb9ce230f5f) Importer(815301076,1909f56bfc062723c751e8b465ee728b)
Start importing Assets/Sprites/Dead (10).png using Guid(afd7406e61ec3e845a80cbb9ce230f5f) Importer(815301076,1909f56bfc062723c751e8b465ee728b)  -> (artifact id: '92052ab272e6ece0da54daa414acf1fe') in 0.016641 seconds 
  Import took 0.020227 seconds .

========================================================================
Received Import Request.
  Time since last request: 0.000203 seconds.
  path: Assets/Sprites/Walk (7).png
  artifactKey: Guid(4b7a2b2b012b4214ba309a9e48bed3a0) Importer(815301076,1909f56bfc062723c751e8b465ee728b)
Start importing Assets/Sprites/Walk (7).png using Guid(4b7a2b2b012b4214ba309a9e48bed3a0) Importer(815301076,1909f56bfc062723c751e8b465ee728b)  -> (artifact id: '2af987502ad790fd1fdc30513e3ff2e4') in 0.020033 seconds 
  Import took 0.023809 seconds .

========================================================================
Received Import Request.
  Time since last request: 0.000313 seconds.
  path: Assets/Sprites/Slide (1).png
  artifactKey: Guid(4e9c8c61729fc1f43a9ac1b5fca378d7) Importer(815301076,1909f56bfc062723c751e8b465ee728b)
Start importing Assets/Sprites/Slide (1).png using Guid(4e9c8c61729fc1f43a9ac1b5fca378d7) Importer(815301076,1909f56bfc062723c751e8b465ee728b)  -> (artifact id: 'ba328466ef2b65b7e6fcb167074ba0c4') in 0.021721 seconds 
  Import took 0.025972 seconds .

========================================================================
Received Import Request.
  Time since last request: 0.000196 seconds.
  path: Assets/Sprites/Fall (6).png
  artifactKey: Guid(8fe8bef3066d5804bb44d436b5ff9b8b) Importer(815301076,1909f56bfc062723c751e8b465ee728b)
Start importing Assets/Sprites/Fall (6).png using Guid(8fe8bef3066d5804bb44d436b5ff9b8b) Importer(815301076,1909f56bfc062723c751e8b465ee728b)  -> (artifact id: '3b00d868c440ca447c299a1239d4382c') in 0.021043 seconds 
  Import took 0.024534 seconds .

========================================================================
Received Import Request.
  Time since last request: 0.000198 seconds.
  path: Assets/Sprites/Fall (7).png
  artifactKey: Guid(33207e14a5112ba41a29d8bcec487e67) Importer(815301076,1909f56bfc062723c751e8b465ee728b)
Start importing Assets/Sprites/Fall (7).png using Guid(33207e14a5112ba41a29d8bcec487e67) Importer(815301076,1909f56bfc062723c751e8b465ee728b)  -> (artifact id: 'cd9e8550608579b7f5fd50478d9efe7a') in 0.016675 seconds 
  Import took 0.020182 seconds .

========================================================================
Received Import Request.
  Time since last request: 0.000208 seconds.
  path: Assets/Sprites/Fall (8).png
  artifactKey: Guid(e72706aba0418e74a92a6f4796b97bd8) Importer(815301076,1909f56bfc062723c751e8b465ee728b)
Start importing Assets/Sprites/Fall (8).png using Guid(e72706aba0418e74a92a6f4796b97bd8) Importer(815301076,1909f56bfc062723c751e8b465ee728b)  -> (artifact id: '90d510a9e6e1d41203cacd4694a62799') in 0.015782 seconds 
  Import took 0.019403 seconds .

========================================================================
Received Import Request.
  Time since last request: 0.000204 seconds.
  path: Assets/Sprites/Idle (5).png
  artifactKey: Guid(3b47cdd5099d86f47a35eae8f802bfd3) Importer(815301076,1909f56bfc062723c751e8b465ee728b)
Start importing Assets/Sprites/Idle (5).png using Guid(3b47cdd5099d86f47a35eae8f802bfd3) Importer(815301076,1909f56bfc062723c751e8b465ee728b)  -> (artifact id: '12ca02f06cc0e15121e858c64f0c9078') in 0.015961 seconds 
  Import took 0.019548 seconds .

========================================================================
Received Import Request.
  Time since last request: 0.000194 seconds.
  path: Assets/Sprites/Hurt (7).png
  artifactKey: Guid(9fd47702cbde85c42bc9598d64171aa3) Importer(815301076,1909f56bfc062723c751e8b465ee728b)
Start importing Assets/Sprites/Hurt (7).png using Guid(9fd47702cbde85c42bc9598d64171aa3) Importer(815301076,1909f56bfc062723c751e8b465ee728b)  -> (artifact id: '2a8a4596fcd06d7a7ca683819af240fe') in 0.023989 seconds 
  Import took 0.027576 seconds .

========================================================================
Received Import Request.
  Time since last request: 0.000200 seconds.
  path: Assets/Sprites/Slide (2).png
  artifactKey: Guid(94b9c34999ca64544ad48ae3b9309dd3) Importer(815301076,1909f56bfc062723c751e8b465ee728b)
Start importing Assets/Sprites/Slide (2).png using Guid(94b9c34999ca64544ad48ae3b9309dd3) Importer(815301076,1909f56bfc062723c751e8b465ee728b)  -> (artifact id: '25fc670814ae6e1855febb5c4851ddab') in 0.039516 seconds 
  Import took 0.045095 seconds .

========================================================================
Received Import Request.
  Time since last request: 0.000208 seconds.
  path: Assets/Sprites/Walk (10).png
  artifactKey: Guid(2b7bcc828abfda54c99e63252f22de80) Importer(815301076,1909f56bfc062723c751e8b465ee728b)
Start importing Assets/Sprites/Walk (10).png using Guid(2b7bcc828abfda54c99e63252f22de80) Importer(815301076,1909f56bfc062723c751e8b465ee728b)  -> (artifact id: 'fc9a152fe14d499f016bb68b64d57e6a') in 0.033111 seconds 
  Import took 0.077023 seconds .

========================================================================
Received Import Request.
  Time since last request: 0.000207 seconds.
  path: Assets/Sprites/Idle (7).png
  artifactKey: Guid(4c750f9101b3d24448d10b727fd32936) Importer(815301076,1909f56bfc062723c751e8b465ee728b)
Start importing Assets/Sprites/Idle (7).png using Guid(4c750f9101b3d24448d10b727fd32936) Importer(815301076,1909f56bfc062723c751e8b465ee728b)  -> (artifact id: 'daaa79a6a128b38fd6886a46f7175d75') in 0.029749 seconds 
  Import took 0.036009 seconds .

========================================================================
Received Import Request.
  Time since last request: 0.000410 seconds.
  path: Assets/Sprites/Dead (6).png
  artifactKey: Guid(b84cbe4c2df94f54b92667224e18b03d) Importer(815301076,1909f56bfc062723c751e8b465ee728b)
Start importing Assets/Sprites/Dead (6).png using Guid(b84cbe4c2df94f54b92667224e18b03d) Importer(815301076,1909f56bfc062723c751e8b465ee728b)  -> (artifact id: '779832898469fec37e94bb95328b16a3') in 0.031535 seconds 
  Import took 0.038383 seconds .

========================================================================
Received Import Request.
  Time since last request: 0.000274 seconds.
  path: Assets/Sprites/Jump (5).png
  artifactKey: Guid(08776e351efc5f94da05dba11e5ffa51) Importer(815301076,1909f56bfc062723c751e8b465ee728b)
Start importing Assets/Sprites/Jump (5).png using Guid(08776e351efc5f94da05dba11e5ffa51) Importer(815301076,1909f56bfc062723c751e8b465ee728b)  -> (artifact id: '499a7fd1831787b7077d70a4b015b305') in 0.026148 seconds 
  Import took 0.032933 seconds .

========================================================================
Received Import Request.
  Time since last request: 0.000197 seconds.
  path: Assets/Sprites/Fall (2).png
  artifactKey: Guid(77cb6aff5186ce241b560f33f552d1a5) Importer(815301076,1909f56bfc062723c751e8b465ee728b)
Start importing Assets/Sprites/Fall (2).png using Guid(77cb6aff5186ce241b560f33f552d1a5) Importer(815301076,1909f56bfc062723c751e8b465ee728b)  -> (artifact id: 'b3e20caec253249471b9da132e080eb4') in 0.023879 seconds 
  Import took 0.028069 seconds .

========================================================================
Received Import Request.
  Time since last request: 0.000227 seconds.
  path: Assets/Sprites/Hurt (6).png
  artifactKey: Guid(f03f2d660992278489d8a4300763ba4e) Importer(815301076,1909f56bfc062723c751e8b465ee728b)
Start importing Assets/Sprites/Hurt (6).png using Guid(f03f2d660992278489d8a4300763ba4e) Importer(815301076,1909f56bfc062723c751e8b465ee728b)  -> (artifact id: '8643520d9b798411cbf027eb72870264') in 0.054440 seconds 
  Import took 0.059627 seconds .

========================================================================
Received Import Request.
  Time since last request: 0.000477 seconds.
  path: Assets/Sprites/Run (3).png
  artifactKey: Guid(82e0e39a42df7ff4caac0df31f3ee8f6) Importer(815301076,1909f56bfc062723c751e8b465ee728b)
Start importing Assets/Sprites/Run (3).png using Guid(82e0e39a42df7ff4caac0df31f3ee8f6) Importer(815301076,1909f56bfc062723c751e8b465ee728b)  -> (artifact id: 'e4e590870ff1efdb7d531adaaddb7f6d') in 0.048908 seconds 
  Import took 0.055352 seconds .

========================================================================
Received Import Request.
  Time since last request: 0.000591 seconds.
  path: Assets/Sprites/Dead (4).png
  artifactKey: Guid(2956de87c234937499eb848d1f5dd480) Importer(815301076,1909f56bfc062723c751e8b465ee728b)
Start importing Assets/Sprites/Dead (4).png using Guid(2956de87c234937499eb848d1f5dd480) Importer(815301076,1909f56bfc062723c751e8b465ee728b)  -> (artifact id: '4c1a29b88b010c38dc6d7d47e6d8d262') in 0.023253 seconds 
  Import took 0.028203 seconds .

========================================================================
Received Import Request.
  Time since last request: 0.000229 seconds.
  path: Assets/Sprites/Fall (4).png
  artifactKey: Guid(16c9e0f3a568a024abf5e24eaba55547) Importer(815301076,1909f56bfc062723c751e8b465ee728b)
Start importing Assets/Sprites/Fall (4).png using Guid(16c9e0f3a568a024abf5e24eaba55547) Importer(815301076,1909f56bfc062723c751e8b465ee728b)  -> (artifact id: '8d761e514f698d0bb8c84e4298c3aebd') in 0.029188 seconds 
  Import took 0.033487 seconds .

========================================================================
Received Import Request.
  Time since last request: 0.000225 seconds.
  path: Assets/Sprites/Idle (1).png
  artifactKey: Guid(d2184a024b3f20c44b4fa8feff341db5) Importer(815301076,1909f56bfc062723c751e8b465ee728b)
Start importing Assets/Sprites/Idle (1).png using Guid(d2184a024b3f20c44b4fa8feff341db5) Importer(815301076,1909f56bfc062723c751e8b465ee728b)  -> (artifact id: '60860291ae17802622769f994eb04bc1') in 0.017498 seconds 
  Import took 0.021065 seconds .

========================================================================
Received Import Request.
  Time since last request: 0.000197 seconds.
  path: Assets/Sprites/Walk (1).png
  artifactKey: Guid(2724d093186a993438cb461b6a41bb76) Importer(815301076,1909f56bfc062723c751e8b465ee728b)
Start importing Assets/Sprites/Walk (1).png using Guid(2724d093186a993438cb461b6a41bb76) Importer(815301076,1909f56bfc062723c751e8b465ee728b)  -> (artifact id: 'b83cbe26aab9d44c781940e0fdec824a') in 0.018509 seconds 
  Import took 0.022157 seconds .

========================================================================
Received Import Request.
  Time since last request: 0.000203 seconds.
  path: Assets/Sprites/Run (2).png
  artifactKey: Guid(daab9e99f8d7b5b4cb5fcf5a693dfd31) Importer(815301076,1909f56bfc062723c751e8b465ee728b)
Start importing Assets/Sprites/Run (2).png using Guid(daab9e99f8d7b5b4cb5fcf5a693dfd31) Importer(815301076,1909f56bfc062723c751e8b465ee728b)  -> (artifact id: 'fefdd5aa4ee3ac19bc6daf09d884500b') in 0.017921 seconds 
  Import took 0.021724 seconds .

========================================================================
Received Import Request.
  Time since last request: 0.000204 seconds.
  path: Assets/Sprites/Hurt (5).png
  artifactKey: Guid(40dd5671be5e5044f834078218938631) Importer(815301076,1909f56bfc062723c751e8b465ee728b)
Start importing Assets/Sprites/Hurt (5).png using Guid(40dd5671be5e5044f834078218938631) Importer(815301076,1909f56bfc062723c751e8b465ee728b)  -> (artifact id: '12b1ddabfba4bf99135bda8d636a5f83') in 0.020782 seconds 
  Import took 0.025189 seconds .

========================================================================
Received Import Request.
  Time since last request: 0.000206 seconds.
  path: Assets/Sprites/Slide (6).png
  artifactKey: Guid(31a2134b56b0ffa499f71739b141a817) Importer(815301076,1909f56bfc062723c751e8b465ee728b)
Start importing Assets/Sprites/Slide (6).png using Guid(31a2134b56b0ffa499f71739b141a817) Importer(815301076,1909f56bfc062723c751e8b465ee728b)  -> (artifact id: 'a1e158d95996443f37c0f1c0a4dfcb4e') in 0.031446 seconds 
  Import took 0.035267 seconds .

========================================================================
Received Import Request.
  Time since last request: 0.000180 seconds.
  path: Assets/Sprites/Slide (4).png
  artifactKey: Guid(452463e269655d9418cf24a5103462c7) Importer(815301076,1909f56bfc062723c751e8b465ee728b)
Start importing Assets/Sprites/Slide (4).png using Guid(452463e269655d9418cf24a5103462c7) Importer(815301076,1909f56bfc062723c751e8b465ee728b)  -> (artifact id: '7eca9b1e9e07f9b5d566205f0ed93e38') in 0.014856 seconds 
  Import took 0.018114 seconds .

========================================================================
Received Import Request.
  Time since last request: 0.000185 seconds.
  path: Assets/Sprites/Idle (4).png
  artifactKey: Guid(8f95acdcc46291b4e9932ecff489094d) Importer(815301076,1909f56bfc062723c751e8b465ee728b)
Start importing Assets/Sprites/Idle (4).png using Guid(8f95acdcc46291b4e9932ecff489094d) Importer(815301076,1909f56bfc062723c751e8b465ee728b)  -> (artifact id: '5c49af3bbfa283a66a4037b99670b2fb') in 0.014845 seconds 
  Import took 0.018168 seconds .

========================================================================
Received Import Request.
  Time since last request: 0.000191 seconds.
  path: Assets/Sprites/Slide (7).png
  artifactKey: Guid(5809660ae20d74b4a9e278032938c24b) Importer(815301076,1909f56bfc062723c751e8b465ee728b)
Start importing Assets/Sprites/Slide (7).png using Guid(5809660ae20d74b4a9e278032938c24b) Importer(815301076,1909f56bfc062723c751e8b465ee728b)  -> (artifact id: '7bbf4c14d9ff1d2b482333273f0b1ba2') in 0.017852 seconds 
  Import took 0.021626 seconds .

========================================================================
Received Import Request.
  Time since last request: 0.000207 seconds.
  path: Assets/Sprites/Fall (5).png
  artifactKey: Guid(c3b1b8718809f7a43bcf276c965997a1) Importer(815301076,1909f56bfc062723c751e8b465ee728b)
Start importing Assets/Sprites/Fall (5).png using Guid(c3b1b8718809f7a43bcf276c965997a1) Importer(815301076,1909f56bfc062723c751e8b465ee728b)  -> (artifact id: 'e5e6bbf5b79c3d6d81c0ee65e77946ff') in 0.023672 seconds 
  Import took 0.029796 seconds .

========================================================================
Received Import Request.
  Time since last request: 0.000264 seconds.
  path: Assets/Sprites/Fall (1).png
  artifactKey: Guid(68c67df909ea48e4e8a7668f0e3fed75) Importer(815301076,1909f56bfc062723c751e8b465ee728b)
Start importing Assets/Sprites/Fall (1).png using Guid(68c67df909ea48e4e8a7668f0e3fed75) Importer(815301076,1909f56bfc062723c751e8b465ee728b)  -> (artifact id: '7160b2e2aa2ba105b1bae76edc29d10b') in 0.032984 seconds 
  Import took 0.037349 seconds .

========================================================================
Received Import Request.
  Time since last request: 0.000420 seconds.
  path: Assets/Sprites/Fall (3).png
  artifactKey: Guid(1976b453fedb474459f8f75040053eca) Importer(815301076,1909f56bfc062723c751e8b465ee728b)
Start importing Assets/Sprites/Fall (3).png using Guid(1976b453fedb474459f8f75040053eca) Importer(815301076,1909f56bfc062723c751e8b465ee728b)  -> (artifact id: 'cfdd17a26eef33102e3689e0975ddfe2') in 0.020324 seconds 
  Import took 0.024332 seconds .

========================================================================
Received Import Request.
  Time since last request: 0.000253 seconds.
  path: Assets/Sprites/Walk (8).png
  artifactKey: Guid(c1ab0e6eed9fdb644befbdc70840321d) Importer(815301076,1909f56bfc062723c751e8b465ee728b)
Start importing Assets/Sprites/Walk (8).png using Guid(c1ab0e6eed9fdb644befbdc70840321d) Importer(815301076,1909f56bfc062723c751e8b465ee728b)  -> (artifact id: '404fd0995ad22e3d4502fc28dae5e9ab') in 0.019383 seconds 
  Import took 0.023216 seconds .

========================================================================
Received Import Request.
  Time since last request: 0.000184 seconds.
  path: Assets/Sprites/Jump (3).png
  artifactKey: Guid(96d0e121259042f44b85ba9b7a505cc7) Importer(815301076,1909f56bfc062723c751e8b465ee728b)
Start importing Assets/Sprites/Jump (3).png using Guid(96d0e121259042f44b85ba9b7a505cc7) Importer(815301076,1909f56bfc062723c751e8b465ee728b)  -> (artifact id: 'e52e76e5813f6f5c1be11b8fc7caec60') in 0.017421 seconds 
  Import took 0.021145 seconds .

========================================================================
Received Import Request.
  Time since last request: 0.000200 seconds.
  path: Assets/Sprites/Dead (9).png
  artifactKey: Guid(d8f29a6f2b12c4e4690e03ea0d069a47) Importer(815301076,1909f56bfc062723c751e8b465ee728b)
Start importing Assets/Sprites/Dead (9).png using Guid(d8f29a6f2b12c4e4690e03ea0d069a47) Importer(815301076,1909f56bfc062723c751e8b465ee728b)  -> (artifact id: '6e88f7993553784b3e54b14dda4ed497') in 0.017170 seconds 
  Import took 0.020662 seconds .

========================================================================
Received Import Request.
  Time since last request: 0.000252 seconds.
  path: Assets/Sprites/Idle (9).png
  artifactKey: Guid(d0617fa5201038a4b847478ef2cee793) Importer(815301076,1909f56bfc062723c751e8b465ee728b)
Start importing Assets/Sprites/Idle (9).png using Guid(d0617fa5201038a4b847478ef2cee793) Importer(815301076,1909f56bfc062723c751e8b465ee728b)  -> (artifact id: 'eb44f6ada1df1c02e4d70c173973b1e8') in 0.028919 seconds 
  Import took 0.032448 seconds .

========================================================================
Received Import Request.
  Time since last request: 0.000264 seconds.
  path: Assets/Sprites/Dead (3).png
  artifactKey: Guid(dfb00a7b51fe6744dbb45a324fb6ecf8) Importer(815301076,1909f56bfc062723c751e8b465ee728b)
Start importing Assets/Sprites/Dead (3).png using Guid(dfb00a7b51fe6744dbb45a324fb6ecf8) Importer(815301076,1909f56bfc062723c751e8b465ee728b)  -> (artifact id: '5fec0d09a1a9d6955f847fab9396736d') in 0.015531 seconds 
  Import took 0.019045 seconds .

========================================================================
Received Import Request.
  Time since last request: 0.000235 seconds.
  path: Assets/Sprites/Idle (3).png
  artifactKey: Guid(b604e4fa5e4eba0438d42fbef42c0d57) Importer(815301076,1909f56bfc062723c751e8b465ee728b)
Start importing Assets/Sprites/Idle (3).png using Guid(b604e4fa5e4eba0438d42fbef42c0d57) Importer(815301076,1909f56bfc062723c751e8b465ee728b)  -> (artifact id: '1299d09fe9c28d4f64f331f2bb26b9e4') in 0.016241 seconds 
  Import took 0.019723 seconds .

========================================================================
Received Import Request.
  Time since last request: 0.000208 seconds.
  path: Assets/Sprites/Slide (9).png
  artifactKey: Guid(6372e977aedb8c64080c0127b9b77c31) Importer(815301076,1909f56bfc062723c751e8b465ee728b)
Start importing Assets/Sprites/Slide (9).png using Guid(6372e977aedb8c64080c0127b9b77c31) Importer(815301076,1909f56bfc062723c751e8b465ee728b)  -> (artifact id: '7bc022847117b73e5755a8fcacaf781a') in 0.015998 seconds 
  Import took 0.019501 seconds .

========================================================================
Received Import Request.
  Time since last request: 0.000192 seconds.
  path: Assets/Sprites/Hurt (9).png
  artifactKey: Guid(aee1cbcce090fa34586d772174bb3f50) Importer(815301076,1909f56bfc062723c751e8b465ee728b)
Start importing Assets/Sprites/Hurt (9).png using Guid(aee1cbcce090fa34586d772174bb3f50) Importer(815301076,1909f56bfc062723c751e8b465ee728b)  -> (artifact id: 'b24a49a061dabe0de43397c5502c1c1d') in 0.016664 seconds 
  Import took 0.020080 seconds .

========================================================================
Received Import Request.
  Time since last request: 0.000192 seconds.
  path: Assets/Sprites/Dead (7).png
  artifactKey: Guid(1d7df1dd67bd77340893020ac8623393) Importer(815301076,1909f56bfc062723c751e8b465ee728b)
Start importing Assets/Sprites/Dead (7).png using Guid(1d7df1dd67bd77340893020ac8623393) Importer(815301076,1909f56bfc062723c751e8b465ee728b)  -> (artifact id: '92821107e5d00cd8d457923a916f0b93') in 0.020682 seconds 
  Import took 0.024449 seconds .

========================================================================
Received Prepare
Registering precompiled user dll's ...
Registered in 0.026112 seconds.
Begin MonoManager ReloadAssembly
Native extension for WindowsStandalone target not found
Refreshing native plugins compatible for Editor in 0.65 ms, found 3 plugins.
Preloading 0 native plugins for Editor in 0.00 ms.
Mono: successfully reloaded assembly
- Completed reload, in  1.298 seconds
Domain Reload Profiling:
	ReloadAssembly (1299ms)
		BeginReloadAssembly (141ms)
			ExecutionOrderSort (0ms)
			DisableScriptedObjects (9ms)
			BackupInstance (0ms)
			ReleaseScriptingObjects (0ms)
			CreateAndSetChildDomain (46ms)
		EndReloadAssembly (1073ms)
			LoadAssemblies (113ms)
			RebuildTransferFunctionScriptingTraits (0ms)
			SetupTypeCache (391ms)
			ReleaseScriptCaches (1ms)
			RebuildScriptCaches (51ms)
			SetupLoadedEditorAssemblies (376ms)
				LogAssemblyErrors (0ms)
				InitializePlatformSupportModulesInManaged (7ms)
				SetLoadedEditorAssemblies (1ms)
				RefreshPlugins (1ms)
				BeforeProcessingInitializeOnLoad (82ms)
				ProcessInitializeOnLoadAttributes (263ms)
				ProcessInitializeOnLoadMethodAttributes (14ms)
				AfterProcessingInitializeOnLoad (8ms)
				EditorAssembliesLoaded (0ms)
			ExecutionOrderSort2 (0ms)
			AwakeInstancesAfterBackupRestoration (13ms)
Platform modules already initialized, skipping
Refreshing native plugins compatible for Editor in 0.61 ms, found 3 plugins.
Preloading 0 native plugins for Editor in 0.00 ms.
Unloading 2187 Unused Serialized files (Serialized files now loaded: 0)
System memory in use before: 99.1 MB.
System memory in use after: 99.2 MB.

Unloading 17 unused Assets to reduce memory usage. Loaded Objects now: 2641.
Total: 4.522800 ms (FindLiveObjects: 0.297200 ms CreateObjectMapping: 0.093100 ms MarkObjects: 4.109600 ms  DeleteObjects: 0.021500 ms)

AssetImportParameters requested are different than current active one (requested -> active):
  custom:framework-win-MediaFoundation: 216162199b28c13a410421893ffa2e32 -> 
  custom:video-decoder-ogg-theora: a1e56fd34408186e4bbccfd4996cb3dc -> 
  custom:container-muxer-webm: aa71ff27fc2769a1b78a27578f13a17b -> 
  custom:container-demuxer-webm: 4f35f7cbe854078d1ac9338744f61a02 -> 
  custom:container-demuxer-ogg: 62fdf1f143b41e24485cea50d1cbac27 -> 
  custom:video-encoder-webm-vp8: eb34c28f22e8b96e1ab97ce403110664 -> 
  custom:video-decoder-webm-vp8: 9c59270c3fd7afecdb556c50c9e8de78 -> 
  custom:audio-decoder-ogg-vorbis: bf7c407c2cedff20999df2af8eb42d56 -> 
  custom:audio-encoder-webm-vorbis: bf7c407c2cedff20999df2af8eb42d56 -> 
========================================================================
Received Prepare
Registering precompiled user dll's ...
Registered in 0.008964 seconds.
Begin MonoManager ReloadAssembly
Native extension for WindowsStandalone target not found
Refreshing native plugins compatible for Editor in 0.58 ms, found 3 plugins.
Preloading 0 native plugins for Editor in 0.00 ms.
Mono: successfully reloaded assembly
- Completed reload, in  1.364 seconds
Domain Reload Profiling:
	ReloadAssembly (1364ms)
		BeginReloadAssembly (129ms)
			ExecutionOrderSort (0ms)
			DisableScriptedObjects (8ms)
			BackupInstance (0ms)
			ReleaseScriptingObjects (0ms)
			CreateAndSetChildDomain (41ms)
		EndReloadAssembly (1155ms)
			LoadAssemblies (110ms)
			RebuildTransferFunctionScriptingTraits (0ms)
			SetupTypeCache (478ms)
			ReleaseScriptCaches (1ms)
			RebuildScriptCaches (56ms)
			SetupLoadedEditorAssemblies (373ms)
				LogAssemblyErrors (0ms)
				InitializePlatformSupportModulesInManaged (6ms)
				SetLoadedEditorAssemblies (1ms)
				RefreshPlugins (1ms)
				BeforeProcessingInitializeOnLoad (76ms)
				ProcessInitializeOnLoadAttributes (265ms)
				ProcessInitializeOnLoadMethodAttributes (16ms)
				AfterProcessingInitializeOnLoad (9ms)
				EditorAssembliesLoaded (0ms)
			ExecutionOrderSort2 (0ms)
			AwakeInstancesAfterBackupRestoration (12ms)
Platform modules already initialized, skipping
Refreshing native plugins compatible for Editor in 0.59 ms, found 3 plugins.
Preloading 0 native plugins for Editor in 0.00 ms.
Unloading 2187 Unused Serialized files (Serialized files now loaded: 0)
System memory in use before: 99.1 MB.
System memory in use after: 99.3 MB.

Unloading 17 unused Assets to reduce memory usage. Loaded Objects now: 2643.
Total: 5.598800 ms (FindLiveObjects: 0.221400 ms CreateObjectMapping: 0.055200 ms MarkObjects: 5.295700 ms  DeleteObjects: 0.024200 ms)

AssetImportParameters requested are different than current active one (requested -> active):
  custom:framework-win-MediaFoundation: 216162199b28c13a410421893ffa2e32 -> 
  custom:video-decoder-ogg-theora: a1e56fd34408186e4bbccfd4996cb3dc -> 
  custom:container-muxer-webm: aa71ff27fc2769a1b78a27578f13a17b -> 
  custom:container-demuxer-webm: 4f35f7cbe854078d1ac9338744f61a02 -> 
  custom:container-demuxer-ogg: 62fdf1f143b41e24485cea50d1cbac27 -> 
  custom:video-encoder-webm-vp8: eb34c28f22e8b96e1ab97ce403110664 -> 
  custom:video-decoder-webm-vp8: 9c59270c3fd7afecdb556c50c9e8de78 -> 
  custom:audio-decoder-ogg-vorbis: bf7c407c2cedff20999df2af8eb42d56 -> 
  custom:audio-encoder-webm-vorbis: bf7c407c2cedff20999df2af8eb42d56 -> 
========================================================================
Received Prepare
Registering precompiled user dll's ...
Registered in 0.008536 seconds.
Begin MonoManager ReloadAssembly
Native extension for WindowsStandalone target not found
Refreshing native plugins compatible for Editor in 0.57 ms, found 3 plugins.
Preloading 0 native plugins for Editor in 0.00 ms.
Mono: successfully reloaded assembly
- Completed reload, in  1.412 seconds
Domain Reload Profiling:
	ReloadAssembly (1412ms)
		BeginReloadAssembly (131ms)
			ExecutionOrderSort (0ms)
			DisableScriptedObjects (8ms)
			BackupInstance (0ms)
			ReleaseScriptingObjects (0ms)
			CreateAndSetChildDomain (42ms)
		EndReloadAssembly (1194ms)
			LoadAssemblies (114ms)
			RebuildTransferFunctionScriptingTraits (0ms)
			SetupTypeCache (514ms)
			ReleaseScriptCaches (3ms)
			RebuildScriptCaches (53ms)
			SetupLoadedEditorAssemblies (369ms)
				LogAssemblyErrors (0ms)
				InitializePlatformSupportModulesInManaged (5ms)
				SetLoadedEditorAssemblies (1ms)
				RefreshPlugins (1ms)
				BeforeProcessingInitializeOnLoad (80ms)
				ProcessInitializeOnLoadAttributes (261ms)
				ProcessInitializeOnLoadMethodAttributes (15ms)
				AfterProcessingInitializeOnLoad (7ms)
				EditorAssembliesLoaded (0ms)
			ExecutionOrderSort2 (0ms)
			AwakeInstancesAfterBackupRestoration (12ms)
Platform modules already initialized, skipping
Refreshing native plugins compatible for Editor in 0.56 ms, found 3 plugins.
Preloading 0 native plugins for Editor in 0.00 ms.
Unloading 2187 Unused Serialized files (Serialized files now loaded: 0)
System memory in use before: 99.2 MB.
System memory in use after: 99.3 MB.

Unloading 17 unused Assets to reduce memory usage. Loaded Objects now: 2645.
Total: 4.669800 ms (FindLiveObjects: 0.229400 ms CreateObjectMapping: 0.072700 ms MarkObjects: 4.343500 ms  DeleteObjects: 0.022600 ms)

AssetImportParameters requested are different than current active one (requested -> active):
  custom:framework-win-MediaFoundation: 216162199b28c13a410421893ffa2e32 -> 
  custom:video-decoder-ogg-theora: a1e56fd34408186e4bbccfd4996cb3dc -> 
  custom:container-muxer-webm: aa71ff27fc2769a1b78a27578f13a17b -> 
  custom:container-demuxer-webm: 4f35f7cbe854078d1ac9338744f61a02 -> 
  custom:container-demuxer-ogg: 62fdf1f143b41e24485cea50d1cbac27 -> 
  custom:video-encoder-webm-vp8: eb34c28f22e8b96e1ab97ce403110664 -> 
  custom:video-decoder-webm-vp8: 9c59270c3fd7afecdb556c50c9e8de78 -> 
  custom:audio-decoder-ogg-vorbis: bf7c407c2cedff20999df2af8eb42d56 -> 
  custom:audio-encoder-webm-vorbis: bf7c407c2cedff20999df2af8eb42d56 -> 
========================================================================
Received Import Request.
  Time since last request: 422.465861 seconds.
  path: Assets/Animations/Idle (1).controller
  artifactKey: Guid(39b31dee8f8a20c43914aba9c07bc3ae) Importer(815301076,1909f56bfc062723c751e8b465ee728b)
Start importing Assets/Animations/Idle (1).controller using Guid(39b31dee8f8a20c43914aba9c07bc3ae) Importer(815301076,1909f56bfc062723c751e8b465ee728b)  -> (artifact id: 'cb1a1453c14c0150295df075851dcc8a') in 0.027241 seconds 
  Import took 0.031633 seconds .

========================================================================
Received Prepare
Registering precompiled user dll's ...
Registered in 0.009428 seconds.
Begin MonoManager ReloadAssembly
Native extension for WindowsStandalone target not found
Refreshing native plugins compatible for Editor in 0.63 ms, found 3 plugins.
Preloading 0 native plugins for Editor in 0.00 ms.
Mono: successfully reloaded assembly
- Completed reload, in  1.519 seconds
Domain Reload Profiling:
	ReloadAssembly (1520ms)
		BeginReloadAssembly (141ms)
			ExecutionOrderSort (0ms)
			DisableScriptedObjects (10ms)
			BackupInstance (0ms)
			ReleaseScriptingObjects (0ms)
			CreateAndSetChildDomain (44ms)
		EndReloadAssembly (1288ms)
			LoadAssemblies (143ms)
			RebuildTransferFunctionScriptingTraits (0ms)
			SetupTypeCache (490ms)
			ReleaseScriptCaches (1ms)
			RebuildScriptCaches (84ms)
			SetupLoadedEditorAssemblies (404ms)
				LogAssemblyErrors (0ms)
				InitializePlatformSupportModulesInManaged (6ms)
				SetLoadedEditorAssemblies (1ms)
				RefreshPlugins (1ms)
				BeforeProcessingInitializeOnLoad (89ms)
				ProcessInitializeOnLoadAttributes (285ms)
				ProcessInitializeOnLoadMethodAttributes (14ms)
				AfterProcessingInitializeOnLoad (8ms)
				EditorAssembliesLoaded (0ms)
			ExecutionOrderSort2 (0ms)
			AwakeInstancesAfterBackupRestoration (12ms)
Platform modules already initialized, skipping
Refreshing native plugins compatible for Editor in 0.61 ms, found 3 plugins.
Preloading 0 native plugins for Editor in 0.00 ms.
Unloading 2187 Unused Serialized files (Serialized files now loaded: 0)
System memory in use before: 99.2 MB.
System memory in use after: 99.3 MB.

Unloading 17 unused Assets to reduce memory usage. Loaded Objects now: 2647.
Total: 4.105100 ms (FindLiveObjects: 0.219300 ms CreateObjectMapping: 0.053600 ms MarkObjects: 3.803700 ms  DeleteObjects: 0.027000 ms)

AssetImportParameters requested are different than current active one (requested -> active):
  custom:framework-win-MediaFoundation: 216162199b28c13a410421893ffa2e32 -> 
  custom:video-decoder-ogg-theora: a1e56fd34408186e4bbccfd4996cb3dc -> 
  custom:container-muxer-webm: aa71ff27fc2769a1b78a27578f13a17b -> 
  custom:container-demuxer-webm: 4f35f7cbe854078d1ac9338744f61a02 -> 
  custom:container-demuxer-ogg: 62fdf1f143b41e24485cea50d1cbac27 -> 
  custom:video-encoder-webm-vp8: eb34c28f22e8b96e1ab97ce403110664 -> 
  custom:video-decoder-webm-vp8: 9c59270c3fd7afecdb556c50c9e8de78 -> 
  custom:audio-decoder-ogg-vorbis: bf7c407c2cedff20999df2af8eb42d56 -> 
  custom:audio-encoder-webm-vorbis: bf7c407c2cedff20999df2af8eb42d56 -> 
========================================================================
Received Prepare
Registering precompiled user dll's ...
Registered in 0.006704 seconds.
Begin MonoManager ReloadAssembly
Native extension for WindowsStandalone target not found
Refreshing native plugins compatible for Editor in 0.76 ms, found 3 plugins.
Preloading 0 native plugins for Editor in 0.00 ms.
Mono: successfully reloaded assembly
- Completed reload, in  1.275 seconds
Domain Reload Profiling:
	ReloadAssembly (1276ms)
		BeginReloadAssembly (130ms)
			ExecutionOrderSort (0ms)
			DisableScriptedObjects (8ms)
			BackupInstance (0ms)
			ReleaseScriptingObjects (0ms)
			CreateAndSetChildDomain (37ms)
		EndReloadAssembly (1060ms)
			LoadAssemblies (112ms)
			RebuildTransferFunctionScriptingTraits (0ms)
			SetupTypeCache (355ms)
			ReleaseScriptCaches (1ms)
			RebuildScriptCaches (49ms)
			SetupLoadedEditorAssemblies (386ms)
				LogAssemblyErrors (0ms)
				InitializePlatformSupportModulesInManaged (7ms)
				SetLoadedEditorAssemblies (1ms)
				RefreshPlugins (1ms)
				BeforeProcessingInitializeOnLoad (82ms)
				ProcessInitializeOnLoadAttributes (273ms)
				ProcessInitializeOnLoadMethodAttributes (14ms)
				AfterProcessingInitializeOnLoad (9ms)
				EditorAssembliesLoaded (0ms)
			ExecutionOrderSort2 (0ms)
			AwakeInstancesAfterBackupRestoration (12ms)
Platform modules already initialized, skipping
Refreshing native plugins compatible for Editor in 0.57 ms, found 3 plugins.
Preloading 0 native plugins for Editor in 0.00 ms.
Unloading 2187 Unused Serialized files (Serialized files now loaded: 0)
System memory in use before: 99.2 MB.
System memory in use after: 99.3 MB.

Unloading 17 unused Assets to reduce memory usage. Loaded Objects now: 2649.
Total: 4.475500 ms (FindLiveObjects: 0.232000 ms CreateObjectMapping: 0.063400 ms MarkObjects: 4.154400 ms  DeleteObjects: 0.023900 ms)

AssetImportParameters requested are different than current active one (requested -> active):
  custom:framework-win-MediaFoundation: 216162199b28c13a410421893ffa2e32 -> 
  custom:video-decoder-ogg-theora: a1e56fd34408186e4bbccfd4996cb3dc -> 
  custom:container-muxer-webm: aa71ff27fc2769a1b78a27578f13a17b -> 
  custom:container-demuxer-webm: 4f35f7cbe854078d1ac9338744f61a02 -> 
  custom:container-demuxer-ogg: 62fdf1f143b41e24485cea50d1cbac27 -> 
  custom:video-encoder-webm-vp8: eb34c28f22e8b96e1ab97ce403110664 -> 
  custom:video-decoder-webm-vp8: 9c59270c3fd7afecdb556c50c9e8de78 -> 
  custom:audio-decoder-ogg-vorbis: bf7c407c2cedff20999df2af8eb42d56 -> 
  custom:audio-encoder-webm-vorbis: bf7c407c2cedff20999df2af8eb42d56 -> 
========================================================================
Received Import Request.
  Time since last request: 388.354860 seconds.
  path: Assets/NewBehaviourScript.cs
  artifactKey: Guid(3905ad49433ce7e4e92e59b8e2ed657a) Importer(815301076,1909f56bfc062723c751e8b465ee728b)
Start importing Assets/NewBehaviourScript.cs using Guid(3905ad49433ce7e4e92e59b8e2ed657a) Importer(815301076,1909f56bfc062723c751e8b465ee728b)  -> (artifact id: 'cf3752d273fa8d844354b231cd839261') in 0.017245 seconds 
  Import took 0.021472 seconds .

========================================================================
Received Import Request.
  Time since last request: 19.168595 seconds.
  path: Assets/CatController.cs
  artifactKey: Guid(3905ad49433ce7e4e92e59b8e2ed657a) Importer(815301076,1909f56bfc062723c751e8b465ee728b)
Start importing Assets/CatController.cs using Guid(3905ad49433ce7e4e92e59b8e2ed657a) Importer(815301076,1909f56bfc062723c751e8b465ee728b)  -> (artifact id: '15290a744b6a6e90127406c29f426466') in 0.007807 seconds 
  Import took 0.035870 seconds .

========================================================================
Received Prepare
Registering precompiled user dll's ...
Registered in 0.006290 seconds.
Begin MonoManager ReloadAssembly
Native extension for WindowsStandalone target not found
Refreshing native plugins compatible for Editor in 0.59 ms, found 3 plugins.
Preloading 0 native plugins for Editor in 0.00 ms.
Mono: successfully reloaded assembly
- Completed reload, in  1.948 seconds
Domain Reload Profiling:
	ReloadAssembly (1949ms)
		BeginReloadAssembly (217ms)
			ExecutionOrderSort (0ms)
			DisableScriptedObjects (9ms)
			BackupInstance (0ms)
			ReleaseScriptingObjects (0ms)
			CreateAndSetChildDomain (55ms)
		EndReloadAssembly (1602ms)
			LoadAssemblies (433ms)
			RebuildTransferFunctionScriptingTraits (0ms)
			SetupTypeCache (590ms)
			ReleaseScriptCaches (1ms)
			RebuildScriptCaches (53ms)
			SetupLoadedEditorAssemblies (379ms)
				LogAssemblyErrors (0ms)
				InitializePlatformSupportModulesInManaged (7ms)
				SetLoadedEditorAssemblies (1ms)
				RefreshPlugins (1ms)
				BeforeProcessingInitializeOnLoad (85ms)
				ProcessInitializeOnLoadAttributes (263ms)
				ProcessInitializeOnLoadMethodAttributes (14ms)
				AfterProcessingInitializeOnLoad (10ms)
				EditorAssembliesLoaded (0ms)
			ExecutionOrderSort2 (0ms)
			AwakeInstancesAfterBackupRestoration (11ms)
Platform modules already initialized, skipping
Refreshing native plugins compatible for Editor in 0.57 ms, found 3 plugins.
Preloading 0 native plugins for Editor in 0.00 ms.
Unloading 2187 Unused Serialized files (Serialized files now loaded: 0)
System memory in use before: 99.2 MB.
System memory in use after: 99.3 MB.

Unloading 17 unused Assets to reduce memory usage. Loaded Objects now: 2651.
Total: 4.656600 ms (FindLiveObjects: 0.228700 ms CreateObjectMapping: 0.063500 ms MarkObjects: 4.313700 ms  DeleteObjects: 0.048800 ms)

AssetImportParameters requested are different than current active one (requested -> active):
  custom:framework-win-MediaFoundation: 216162199b28c13a410421893ffa2e32 -> 
  custom:video-decoder-ogg-theora: a1e56fd34408186e4bbccfd4996cb3dc -> 
  custom:container-muxer-webm: aa71ff27fc2769a1b78a27578f13a17b -> 
  custom:container-demuxer-webm: 4f35f7cbe854078d1ac9338744f61a02 -> 
  custom:container-demuxer-ogg: 62fdf1f143b41e24485cea50d1cbac27 -> 
  custom:video-encoder-webm-vp8: eb34c28f22e8b96e1ab97ce403110664 -> 
  custom:video-decoder-webm-vp8: 9c59270c3fd7afecdb556c50c9e8de78 -> 
  custom:audio-decoder-ogg-vorbis: bf7c407c2cedff20999df2af8eb42d56 -> 
  custom:audio-encoder-webm-vorbis: bf7c407c2cedff20999df2af8eb42d56 -> 
========================================================================
Received Prepare
Registering precompiled user dll's ...
Registered in 0.007036 seconds.
Begin MonoManager ReloadAssembly
Native extension for WindowsStandalone target not found
Refreshing native plugins compatible for Editor in 0.80 ms, found 3 plugins.
Preloading 0 native plugins for Editor in 0.00 ms.
Mono: successfully reloaded assembly
- Completed reload, in  1.395 seconds
Domain Reload Profiling:
	ReloadAssembly (1396ms)
		BeginReloadAssembly (127ms)
			ExecutionOrderSort (0ms)
			DisableScriptedObjects (8ms)
			BackupInstance (0ms)
			ReleaseScriptingObjects (0ms)
			CreateAndSetChildDomain (37ms)
		EndReloadAssembly (1190ms)
			LoadAssemblies (109ms)
			RebuildTransferFunctionScriptingTraits (0ms)
			SetupTypeCache (361ms)
			ReleaseScriptCaches (1ms)
			RebuildScriptCaches (63ms)
			SetupLoadedEditorAssemblies (472ms)
				LogAssemblyErrors (0ms)
				InitializePlatformSupportModulesInManaged (7ms)
				SetLoadedEditorAssemblies (1ms)
				RefreshPlugins (1ms)
				BeforeProcessingInitializeOnLoad (154ms)
				ProcessInitializeOnLoadAttributes (288ms)
				ProcessInitializeOnLoadMethodAttributes (14ms)
				AfterProcessingInitializeOnLoad (8ms)
				EditorAssembliesLoaded (0ms)
			ExecutionOrderSort2 (0ms)
			AwakeInstancesAfterBackupRestoration (13ms)
Platform modules already initialized, skipping
Refreshing native plugins compatible for Editor in 0.58 ms, found 3 plugins.
Preloading 0 native plugins for Editor in 0.00 ms.
Unloading 2187 Unused Serialized files (Serialized files now loaded: 0)
System memory in use before: 99.2 MB.
System memory in use after: 99.3 MB.

Unloading 17 unused Assets to reduce memory usage. Loaded Objects now: 2653.
Total: 4.413600 ms (FindLiveObjects: 0.214700 ms CreateObjectMapping: 0.052200 ms MarkObjects: 4.122800 ms  DeleteObjects: 0.022400 ms)

AssetImportParameters requested are different than current active one (requested -> active):
  custom:framework-win-MediaFoundation: 216162199b28c13a410421893ffa2e32 -> 
  custom:video-decoder-ogg-theora: a1e56fd34408186e4bbccfd4996cb3dc -> 
  custom:container-muxer-webm: aa71ff27fc2769a1b78a27578f13a17b -> 
  custom:container-demuxer-webm: 4f35f7cbe854078d1ac9338744f61a02 -> 
  custom:container-demuxer-ogg: 62fdf1f143b41e24485cea50d1cbac27 -> 
  custom:video-encoder-webm-vp8: eb34c28f22e8b96e1ab97ce403110664 -> 
  custom:video-decoder-webm-vp8: 9c59270c3fd7afecdb556c50c9e8de78 -> 
  custom:audio-decoder-ogg-vorbis: bf7c407c2cedff20999df2af8eb42d56 -> 
  custom:audio-encoder-webm-vorbis: bf7c407c2cedff20999df2af8eb42d56 -> 
========================================================================
Received Import Request.
  Time since last request: 617.826609 seconds.
  path: Assets/CatController.cs
  artifactKey: Guid(3905ad49433ce7e4e92e59b8e2ed657a) Importer(815301076,1909f56bfc062723c751e8b465ee728b)
Start importing Assets/CatController.cs using Guid(3905ad49433ce7e4e92e59b8e2ed657a) Importer(815301076,1909f56bfc062723c751e8b465ee728b)  -> (artifact id: '22546a32c65757e09e7021db7bc4d275') in 0.009409 seconds 
  Import took 0.014174 seconds .

========================================================================
Received Prepare
Registering precompiled user dll's ...
Registered in 0.006425 seconds.
Begin MonoManager ReloadAssembly
Native extension for WindowsStandalone target not found
Refreshing native plugins compatible for Editor in 0.63 ms, found 3 plugins.
Preloading 0 native plugins for Editor in 0.00 ms.
Mono: successfully reloaded assembly
- Completed reload, in  1.420 seconds
Domain Reload Profiling:
	ReloadAssembly (1420ms)
		BeginReloadAssembly (132ms)
			ExecutionOrderSort (0ms)
			DisableScriptedObjects (9ms)
			BackupInstance (0ms)
			ReleaseScriptingObjects (0ms)
			CreateAndSetChildDomain (40ms)
		EndReloadAssembly (1204ms)
			LoadAssemblies (110ms)
			RebuildTransferFunctionScriptingTraits (0ms)
			SetupTypeCache (523ms)
			ReleaseScriptCaches (1ms)
			RebuildScriptCaches (51ms)
			SetupLoadedEditorAssemblies (383ms)
				LogAssemblyErrors (0ms)
				InitializePlatformSupportModulesInManaged (6ms)
				SetLoadedEditorAssemblies (1ms)
				RefreshPlugins (1ms)
				BeforeProcessingInitializeOnLoad (79ms)
				ProcessInitializeOnLoadAttributes (270ms)
				ProcessInitializeOnLoadMethodAttributes (17ms)
				AfterProcessingInitializeOnLoad (10ms)
				EditorAssembliesLoaded (0ms)
			ExecutionOrderSort2 (0ms)
			AwakeInstancesAfterBackupRestoration (11ms)
Platform modules already initialized, skipping
Refreshing native plugins compatible for Editor in 0.56 ms, found 3 plugins.
Preloading 0 native plugins for Editor in 0.00 ms.
Unloading 2187 Unused Serialized files (Serialized files now loaded: 0)
System memory in use before: 99.2 MB.
System memory in use after: 99.3 MB.

Unloading 17 unused Assets to reduce memory usage. Loaded Objects now: 2655.
Total: 3.672800 ms (FindLiveObjects: 0.229600 ms CreateObjectMapping: 0.054000 ms MarkObjects: 3.366500 ms  DeleteObjects: 0.020800 ms)

AssetImportParameters requested are different than current active one (requested -> active):
  custom:framework-win-MediaFoundation: 216162199b28c13a410421893ffa2e32 -> 
  custom:video-decoder-ogg-theora: a1e56fd34408186e4bbccfd4996cb3dc -> 
  custom:container-muxer-webm: aa71ff27fc2769a1b78a27578f13a17b -> 
  custom:container-demuxer-webm: 4f35f7cbe854078d1ac9338744f61a02 -> 
  custom:container-demuxer-ogg: 62fdf1f143b41e24485cea50d1cbac27 -> 
  custom:video-encoder-webm-vp8: eb34c28f22e8b96e1ab97ce403110664 -> 
  custom:video-decoder-webm-vp8: 9c59270c3fd7afecdb556c50c9e8de78 -> 
  custom:audio-decoder-ogg-vorbis: bf7c407c2cedff20999df2af8eb42d56 -> 
  custom:audio-encoder-webm-vorbis: bf7c407c2cedff20999df2af8eb42d56 -> 
========================================================================
Received Prepare
Registering precompiled user dll's ...
Registered in 0.009596 seconds.
Begin MonoManager ReloadAssembly
Native extension for WindowsStandalone target not found
Refreshing native plugins compatible for Editor in 0.61 ms, found 3 plugins.
Preloading 0 native plugins for Editor in 0.00 ms.
Mono: successfully reloaded assembly
- Completed reload, in  1.293 seconds
Domain Reload Profiling:
	ReloadAssembly (1293ms)
		BeginReloadAssembly (140ms)
			ExecutionOrderSort (0ms)
			DisableScriptedObjects (10ms)
			BackupInstance (0ms)
			ReleaseScriptingObjects (0ms)
			CreateAndSetChildDomain (41ms)
		EndReloadAssembly (1060ms)
			LoadAssemblies (128ms)
			RebuildTransferFunctionScriptingTraits (0ms)
			SetupTypeCache (377ms)
			ReleaseScriptCaches (1ms)
			RebuildScriptCaches (49ms)
			SetupLoadedEditorAssemblies (375ms)
				LogAssemblyErrors (0ms)
				InitializePlatformSupportModulesInManaged (6ms)
				SetLoadedEditorAssemblies (1ms)
				RefreshPlugins (1ms)
				BeforeProcessingInitializeOnLoad (78ms)
				ProcessInitializeOnLoadAttributes (264ms)
				ProcessInitializeOnLoadMethodAttributes (16ms)
				AfterProcessingInitializeOnLoad (8ms)
				EditorAssembliesLoaded (0ms)
			ExecutionOrderSort2 (0ms)
			AwakeInstancesAfterBackupRestoration (12ms)
Platform modules already initialized, skipping
Refreshing native plugins compatible for Editor in 0.63 ms, found 3 plugins.
Preloading 0 native plugins for Editor in 0.00 ms.
Unloading 2187 Unused Serialized files (Serialized files now loaded: 0)
System memory in use before: 99.2 MB.
System memory in use after: 99.3 MB.

Unloading 17 unused Assets to reduce memory usage. Loaded Objects now: 2657.
Total: 4.624600 ms (FindLiveObjects: 0.259500 ms CreateObjectMapping: 0.078400 ms MarkObjects: 4.259900 ms  DeleteObjects: 0.025000 ms)

AssetImportParameters requested are different than current active one (requested -> active):
  custom:framework-win-MediaFoundation: 216162199b28c13a410421893ffa2e32 -> 
  custom:video-decoder-ogg-theora: a1e56fd34408186e4bbccfd4996cb3dc -> 
  custom:container-muxer-webm: aa71ff27fc2769a1b78a27578f13a17b -> 
  custom:container-demuxer-webm: 4f35f7cbe854078d1ac9338744f61a02 -> 
  custom:container-demuxer-ogg: 62fdf1f143b41e24485cea50d1cbac27 -> 
  custom:video-encoder-webm-vp8: eb34c28f22e8b96e1ab97ce403110664 -> 
  custom:video-decoder-webm-vp8: 9c59270c3fd7afecdb556c50c9e8de78 -> 
  custom:audio-decoder-ogg-vorbis: bf7c407c2cedff20999df2af8eb42d56 -> 
  custom:audio-encoder-webm-vorbis: bf7c407c2cedff20999df2af8eb42d56 -> 
========================================================================
Received Prepare
Registering precompiled user dll's ...
Registered in 0.006361 seconds.
Begin MonoManager ReloadAssembly
Native extension for WindowsStandalone target not found
Refreshing native plugins compatible for Editor in 0.58 ms, found 3 plugins.
Preloading 0 native plugins for Editor in 0.00 ms.
Mono: successfully reloaded assembly
- Completed reload, in  1.275 seconds
Domain Reload Profiling:
	ReloadAssembly (1276ms)
		BeginReloadAssembly (135ms)
			ExecutionOrderSort (0ms)
			DisableScriptedObjects (8ms)
			BackupInstance (0ms)
			ReleaseScriptingObjects (0ms)
			CreateAndSetChildDomain (45ms)
		EndReloadAssembly (1053ms)
			LoadAssemblies (118ms)
			RebuildTransferFunctionScriptingTraits (0ms)
			SetupTypeCache (374ms)
			ReleaseScriptCaches (1ms)
			RebuildScriptCaches (50ms)
			SetupLoadedEditorAssemblies (373ms)
				LogAssemblyErrors (0ms)
				InitializePlatformSupportModulesInManaged (5ms)
				SetLoadedEditorAssemblies (1ms)
				RefreshPlugins (1ms)
				BeforeProcessingInitializeOnLoad (76ms)
				ProcessInitializeOnLoadAttributes (266ms)
				ProcessInitializeOnLoadMethodAttributes (17ms)
				AfterProcessingInitializeOnLoad (8ms)
				EditorAssembliesLoaded (0ms)
			ExecutionOrderSort2 (0ms)
			AwakeInstancesAfterBackupRestoration (11ms)
Platform modules already initialized, skipping
Refreshing native plugins compatible for Editor in 0.60 ms, found 3 plugins.
Preloading 0 native plugins for Editor in 0.00 ms.
Unloading 2187 Unused Serialized files (Serialized files now loaded: 0)
System memory in use before: 99.2 MB.
System memory in use after: 99.3 MB.

Unloading 17 unused Assets to reduce memory usage. Loaded Objects now: 2659.
Total: 4.375800 ms (FindLiveObjects: 0.244800 ms CreateObjectMapping: 0.073500 ms MarkObjects: 4.033100 ms  DeleteObjects: 0.023100 ms)

AssetImportParameters requested are different than current active one (requested -> active):
  custom:framework-win-MediaFoundation: 216162199b28c13a410421893ffa2e32 -> 
  custom:video-decoder-ogg-theora: a1e56fd34408186e4bbccfd4996cb3dc -> 
  custom:container-muxer-webm: aa71ff27fc2769a1b78a27578f13a17b -> 
  custom:container-demuxer-webm: 4f35f7cbe854078d1ac9338744f61a02 -> 
  custom:container-demuxer-ogg: 62fdf1f143b41e24485cea50d1cbac27 -> 
  custom:video-encoder-webm-vp8: eb34c28f22e8b96e1ab97ce403110664 -> 
  custom:video-decoder-webm-vp8: 9c59270c3fd7afecdb556c50c9e8de78 -> 
  custom:audio-decoder-ogg-vorbis: bf7c407c2cedff20999df2af8eb42d56 -> 
  custom:audio-encoder-webm-vorbis: bf7c407c2cedff20999df2af8eb42d56 -> 
========================================================================
Received Prepare
Registering precompiled user dll's ...
Registered in 0.008761 seconds.
Begin MonoManager ReloadAssembly
Native extension for WindowsStandalone target not found
Refreshing native plugins compatible for Editor in 0.58 ms, found 3 plugins.
Preloading 0 native plugins for Editor in 0.00 ms.
Mono: successfully reloaded assembly
- Completed reload, in  1.253 seconds
Domain Reload Profiling:
	ReloadAssembly (1253ms)
		BeginReloadAssembly (130ms)
			ExecutionOrderSort (0ms)
			DisableScriptedObjects (8ms)
			BackupInstance (0ms)
			ReleaseScriptingObjects (0ms)
			CreateAndSetChildDomain (44ms)
		EndReloadAssembly (1034ms)
			LoadAssemblies (110ms)
			RebuildTransferFunctionScriptingTraits (0ms)
			SetupTypeCache (348ms)
			ReleaseScriptCaches (1ms)
			RebuildScriptCaches (48ms)
			SetupLoadedEditorAssemblies (396ms)
				LogAssemblyErrors (0ms)
				InitializePlatformSupportModulesInManaged (6ms)
				SetLoadedEditorAssemblies (1ms)
				RefreshPlugins (1ms)
				BeforeProcessingInitializeOnLoad (76ms)
				ProcessInitializeOnLoadAttributes (288ms)
				ProcessInitializeOnLoadMethodAttributes (16ms)
				AfterProcessingInitializeOnLoad (9ms)
				EditorAssembliesLoaded (0ms)
			ExecutionOrderSort2 (0ms)
			AwakeInstancesAfterBackupRestoration (11ms)
Platform modules already initialized, skipping
Refreshing native plugins compatible for Editor in 0.69 ms, found 3 plugins.
Preloading 0 native plugins for Editor in 0.00 ms.
Unloading 2187 Unused Serialized files (Serialized files now loaded: 0)
System memory in use before: 99.2 MB.
System memory in use after: 99.3 MB.

Unloading 17 unused Assets to reduce memory usage. Loaded Objects now: 2661.
Total: 4.579000 ms (FindLiveObjects: 0.234800 ms CreateObjectMapping: 0.073300 ms MarkObjects: 4.246500 ms  DeleteObjects: 0.022800 ms)

AssetImportParameters requested are different than current active one (requested -> active):
  custom:framework-win-MediaFoundation: 216162199b28c13a410421893ffa2e32 -> 
  custom:video-decoder-ogg-theora: a1e56fd34408186e4bbccfd4996cb3dc -> 
  custom:container-muxer-webm: aa71ff27fc2769a1b78a27578f13a17b -> 
  custom:container-demuxer-webm: 4f35f7cbe854078d1ac9338744f61a02 -> 
  custom:container-demuxer-ogg: 62fdf1f143b41e24485cea50d1cbac27 -> 
  custom:video-encoder-webm-vp8: eb34c28f22e8b96e1ab97ce403110664 -> 
  custom:video-decoder-webm-vp8: 9c59270c3fd7afecdb556c50c9e8de78 -> 
  custom:audio-decoder-ogg-vorbis: bf7c407c2cedff20999df2af8eb42d56 -> 
  custom:audio-encoder-webm-vorbis: bf7c407c2cedff20999df2af8eb42d56 -> 
========================================================================
Received Prepare
Registering precompiled user dll's ...
Registered in 0.006732 seconds.
Begin MonoManager ReloadAssembly
Native extension for WindowsStandalone target not found
Refreshing native plugins compatible for Editor in 0.63 ms, found 3 plugins.
Preloading 0 native plugins for Editor in 0.00 ms.
Mono: successfully reloaded assembly
- Completed reload, in  1.404 seconds
Domain Reload Profiling:
	ReloadAssembly (1404ms)
		BeginReloadAssembly (138ms)
			ExecutionOrderSort (0ms)
			DisableScriptedObjects (9ms)
			BackupInstance (0ms)
			ReleaseScriptingObjects (0ms)
			CreateAndSetChildDomain (41ms)
		EndReloadAssembly (1171ms)
			LoadAssemblies (132ms)
			RebuildTransferFunctionScriptingTraits (0ms)
			SetupTypeCache (435ms)
			ReleaseScriptCaches (1ms)
			RebuildScriptCaches (56ms)
			SetupLoadedEditorAssemblies (382ms)
				LogAssemblyErrors (0ms)
				InitializePlatformSupportModulesInManaged (6ms)
				SetLoadedEditorAssemblies (1ms)
				RefreshPlugins (1ms)
				BeforeProcessingInitializeOnLoad (83ms)
				ProcessInitializeOnLoadAttributes (269ms)
				ProcessInitializeOnLoadMethodAttributes (15ms)
				AfterProcessingInitializeOnLoad (8ms)
				EditorAssembliesLoaded (0ms)
			ExecutionOrderSort2 (0ms)
			AwakeInstancesAfterBackupRestoration (10ms)
Platform modules already initialized, skipping
Refreshing native plugins compatible for Editor in 0.73 ms, found 3 plugins.
Preloading 0 native plugins for Editor in 0.00 ms.
Unloading 2187 Unused Serialized files (Serialized files now loaded: 0)
System memory in use before: 99.2 MB.
System memory in use after: 99.4 MB.

Unloading 17 unused Assets to reduce memory usage. Loaded Objects now: 2663.
Total: 4.469000 ms (FindLiveObjects: 0.234800 ms CreateObjectMapping: 0.073500 ms MarkObjects: 4.134800 ms  DeleteObjects: 0.023600 ms)

AssetImportParameters requested are different than current active one (requested -> active):
  custom:framework-win-MediaFoundation: 216162199b28c13a410421893ffa2e32 -> 
  custom:video-decoder-ogg-theora: a1e56fd34408186e4bbccfd4996cb3dc -> 
  custom:container-muxer-webm: aa71ff27fc2769a1b78a27578f13a17b -> 
  custom:container-demuxer-webm: 4f35f7cbe854078d1ac9338744f61a02 -> 
  custom:container-demuxer-ogg: 62fdf1f143b41e24485cea50d1cbac27 -> 
  custom:video-encoder-webm-vp8: eb34c28f22e8b96e1ab97ce403110664 -> 
  custom:video-decoder-webm-vp8: 9c59270c3fd7afecdb556c50c9e8de78 -> 
  custom:audio-decoder-ogg-vorbis: bf7c407c2cedff20999df2af8eb42d56 -> 
  custom:audio-encoder-webm-vorbis: bf7c407c2cedff20999df2af8eb42d56 -> 
AssetImportWorkerClient::OnTransportError - code=2 error=End of file
